<?xml version="1.0" encoding="UTF-8" ?>
<testsuite failures="0" time="1.908" errors="1" skipped="0" tests="1" name="com.testDatabase.TestingDatabase">
  <properties>
[...]
</properties>
  <testcase time="0.006" classname="com.testDatabase.TestingDatabase" name="testSessionFactory">
    <error message="No runnable methods" type="java.lang.Exception">java.lang.Exception: No runnable methods
	at org.junit.internal.runners.TestClassMethodsRunner.testAborted(TestClassMethodsRunner.java:42)
	at org.junit.internal.runners.TestClassMethodsRunner.invokeTestMethod(TestClassMethodsRunner.java:68)
	at org.junit.internal.runners.TestClassMethodsRunner.run(TestClassMethodsRunner.java:35)
	at org.junit.internal.runners.TestClassRunner$1.runUnprotected(TestClassRunner.java:42)
	at org.junit.internal.runners.BeforeAndAfterRunner.runProtected(BeforeAndAfterRunner.java:34)
	at org.junit.internal.runners.TestClassRunner.run(TestClassRunner.java:52)
	at org.apache.maven.surefire.junit4.JUnit4TestSet.execute(JUnit4TestSet.java:53)
	at org.apache.maven.surefire.junit4.JUnit4Provider.executeTestSet(JUnit4Provider.java:123)
	at org.apache.maven.surefire.junit4.JUnit4Provider.invoke(JUnit4Provider.java:104)
	at sun.reflect.NativeMethodAccessorImpl.invoke0(Native Method)
	at sun.reflect.NativeMethodAccessorImpl.invoke(NativeMethodAccessorImpl.java:57)
	at sun.reflect.DelegatingMethodAccessorImpl.invoke(DelegatingMethodAccessorImpl.java:43)
	at java.lang.reflect.Method.invoke(Method.java:606)
	at org.apache.maven.surefire.util.ReflectionUtils.invokeMethodWithArray(ReflectionUtils.java:164)
	at org.apache.maven.surefire.booter.ProviderFactory$ProviderProxy.invoke(ProviderFactory.java:110)
	at org.apache.maven.surefire.booter.SurefireStarter.invokeProvider(SurefireStarter.java:175)
	at org.apache.maven.surefire.booter.SurefireStarter.runSuitesInProcessWhenForked(SurefireStarter.java:107)
	at org.apache.maven.surefire.booter.ForkedBooter.main(ForkedBooter.java:68)
</error>
    <system-err>14/05/25 22:46:05 INFO support.ClassPathXmlApplicationContext: Refreshing org.springframework.context.support.ClassPathXmlApplicationContext@75dca6d2: startup date [Sun May 25 22:46:05 EDT 2014]; root of context hierarchy
14/05/25 22:46:05 INFO xml.XmlBeanDefinitionReader: Loading XML bean definitions from class path resource [applicationContext.xml]
14/05/25 22:46:05 INFO config.PropertyPlaceholderConfigurer: Loading properties file from class path resource [jdbc.properties]
14/05/25 22:46:05 INFO log.MLog: MLog clients using log4j logging.
14/05/25 22:46:05 INFO c3p0.C3P0Registry: Initializing c3p0-0.9.1 [built 16-January-2007 14:46:42; debug? true; trace: 10]
SLF4J: Failed to load class &quot;org.slf4j.impl.StaticLoggerBinder&quot;.
SLF4J: Defaulting to no-operation (NOP) logger implementation
SLF4J: See http://www.slf4j.org/codes.html#StaticLoggerBinder for further details.
</system-err>
  </testcase>
</testsuite>